<?xml version="1.0" encoding="UTF-8"?>
<testng-results skipped="0" failed="0" ignored="0" total="1" passed="1">
  <reporter-output>
    <line>
      <![CDATA[Setting up reports and Test is getting ready]]>
    </line>
    <line>
      <![CDATA[Setting Done- Test can be started]]>
    </line>
    <line>
      <![CDATA[Trying to start Browser and Getting application ready]]>
    </line>
    <line>
      <![CDATA[Browser and Application is up and running]]>
    </line>
    <line>
      <![CDATA[Test is about to end ]]>
    </line>
    <line>
      <![CDATA[Test Completed >>> Reports Generated]]>
    </line>
    <line>
      <![CDATA[Report can be accessed via >>> C:\Users\User\Desktop\framework\Framework\Framework/Reports/FreeCRM_11_15_2019_10_47_43.html]]>
    </line>
  </reporter-output>
  <suite name="Suite" duration-ms="38167" started-at="2019-11-15T10:47:44 IST" finished-at="2019-11-15T10:48:22 IST">
    <groups>
    </groups>
    <test name="Test" duration-ms="38167" started-at="2019-11-15T10:47:44 IST" finished-at="2019-11-15T10:48:22 IST">
      <class name="com.learnautomation.testcases.LoginTestCRM">
        <test-method status="PASS" signature="setUpSuite()[pri:0, instance:com.learnautomation.testcases.LoginTestCRM@a7e666]" name="setUpSuite" is-config="true" duration-ms="4465" started-at="2019-11-15T10:47:39 IST" finished-at="2019-11-15T10:47:44 IST">
          <reporter-output>
            <line>
              <![CDATA[Setting up reports and Test is getting ready]]>
            </line>
            <line>
              <![CDATA[Setting Done- Test can be started]]>
            </line>
          </reporter-output>
        </test-method> <!-- setUpSuite -->
        <test-method status="PASS" signature="setup()[pri:0, instance:com.learnautomation.testcases.LoginTestCRM@a7e666]" name="setup" is-config="true" duration-ms="25304" started-at="2019-11-15T10:47:44 IST" finished-at="2019-11-15T10:48:09 IST">
          <reporter-output>
            <line>
              <![CDATA[Trying to start Browser and Getting application ready]]>
            </line>
            <line>
              <![CDATA[Browser and Application is up and running]]>
            </line>
          </reporter-output>
        </test-method> <!-- setup -->
        <test-method status="PASS" signature="loginApp()[pri:1, instance:com.learnautomation.testcases.LoginTestCRM@a7e666]" name="loginApp" duration-ms="10099" started-at="2019-11-15T10:48:09 IST" finished-at="2019-11-15T10:48:19 IST">
          <reporter-output>
          </reporter-output>
        </test-method> <!-- loginApp -->
        <test-method status="PASS" signature="tearDownMethod(org.testng.ITestResult)[pri:0, instance:com.learnautomation.testcases.LoginTestCRM@a7e666]" name="tearDownMethod" is-config="true" duration-ms="1848" started-at="2019-11-15T10:48:19 IST" finished-at="2019-11-15T10:48:21 IST">
          <params>
            <param index="0">
              <value>
                <![CDATA[[TestResult name=loginApp status=SUCCESS method=LoginTestCRM.loginApp()[pri:1, instance:com.learnautomation.testcases.LoginTestCRM@a7e666] output={null}]]]>
              </value>
            </param>
          </params>
          <reporter-output>
            <line>
              <![CDATA[Test is about to end ]]>
            </line>
            <line>
              <![CDATA[Test Completed >>> Reports Generated]]>
            </line>
            <line>
              <![CDATA[Report can be accessed via >>> C:\Users\User\Desktop\framework\Framework\Framework/Reports/FreeCRM_11_15_2019_10_47_43.html]]>
            </line>
          </reporter-output>
        </test-method> <!-- tearDownMethod -->
        <test-method status="PASS" signature="tearDown()[pri:0, instance:com.learnautomation.testcases.LoginTestCRM@a7e666]" name="tearDown" is-config="true" duration-ms="804" started-at="2019-11-15T10:48:21 IST" finished-at="2019-11-15T10:48:22 IST">
          <reporter-output>
          </reporter-output>
        </test-method> <!-- tearDown -->
      </class> <!-- com.learnautomation.testcases.LoginTestCRM -->
    </test> <!-- Test -->
  </suite> <!-- Suite -->
</testng-results>
